#
# A fatal error has been detected by the Java Runtime Environment:
#
#  SIGBUS (0xa) at pc=0x0000000112716e92, pid=89894, tid=0x0000000000006e5f
#
# JRE version: Java(TM) SE Runtime Environment (8.0_251-b08) (build 1.8.0_251-b08)
# Java VM: Java HotSpot(TM) 64-Bit Server VM (25.251-b08 mixed mode bsd-amd64 compressed oops)
# Problematic frame:
# C  [libzip.dylib+0x2e92]  newEntry+0x154
#
# Failed to write core dump. Core dumps have been disabled. To enable core dumping, try "ulimit -c unlimited" before starting Java again
#
# If you would like to submit a bug report, please visit:
#   http://bugreport.java.com/bugreport/crash.jsp
# The crash happened outside the Java Virtual Machine in native code.
# See problematic frame for where to report the bug.
#

---------------  T H R E A D  ---------------

Current thread (0x00007fca3b29c800):  JavaThread "pool-1-thread-1" [_thread_in_native, id=28255, stack(0x000000030e145000,0x000000030e245000)]

siginfo: si_signo: 10 (SIGBUS), si_code: 2 (BUS_ADRERR), si_addr: 0x000000012deb126d

Registers:
RAX=0x00007fca6ac36890, RBX=0x000000012deb1261, RCX=0x0000000000000000, RDX=0x00007fca3ac00000
RSP=0x000000030e23a060, RBP=0x000000030e23a0c0, RSI=0x0000000000040000, RDI=0x0000000000000e07
R8 =0x000000000000e06e, R9 =0x000000000000e072, R10=0x00000000fffc3fff, R11=0x2e3224726f746e65
R12=0x00007fca6b0cf200, R13=0x0000000000000080, R14=0x00000000251b2af8, R15=0x00007fca6ad851c0
RIP=0x0000000112716e92, EFLAGS=0x0000000000000202, ERR=0x0000000000000004
  TRAPNO=0x000000000000000e

Top of Stack: (sp=0x000000030e23a060)
0x000000030e23a060:   000000012b0f8470 000000000e23a310
0x000000030e23a070:   00007fca3b29c800 000000030e23a160
0x000000030e23a080:   000000030e23a0a0 00007fca6ac36890
0x000000030e23a090:   00007fca3ace4750 00007fca6ac36890
0x000000030e23a0a0:   00007fca6b0cf200 0000000000000080
0x000000030e23a0b0:   00000000251b2af8 00007fca6ad851c0
0x000000030e23a0c0:   000000030e23a120 000000011271752d
0x000000030e23a0d0:   000000030e23a186 000000030e23a185
0x000000030e23a0e0:   0000004600000000 000000470129c800
0x000000030e23a0f0:   000000030e23a13e 000000030e23a588
0x000000030e23a100:   0000000000000047 000000030e23a13e
0x000000030e23a110:   00007fca6ac36890 00007fca3b29c9f8
0x000000030e23a120:   000000030e23a570 0000000112716238
0x000000030e23a130:   00000007722a3d00 6f637fca00000001
0x000000030e23a140:   6c6c65746e692f6d 65642f74722f6a69
0x000000030e23a150:   612f726567677562 7061432f746e6567
0x000000030e23a160:   6e65674165727574 7275747061432474
0x000000030e23a170:   6d757274736e4965 2e3224726f746e65
0x000000030e23a180:   0000007373616c63 00007fff00000047
0x000000030e23a190:   000000012b0f8470 00007fca3b29c800
0x000000030e23a1a0:   000000012b0f8470 00007fca3b29c800
0x000000030e23a1b0:   000000012b0f8470 00007fca3b29c800
0x000000030e23a1c0:   000000012b0f8470 000000012b0f8470
0x000000030e23a1d0:   000000012b0f8470 00007fca5ac0c740
0x000000030e23a1e0:   00007fca3b29c800 000000030e23a2d0
0x000000030e23a1f0:   00007fca3ace4618 00007fca3ace4610
0x000000030e23a200:   000000030e23a390 0000000110b17d17
0x000000030e23a210:   00007fca3b29c800 0000000000000000
0x000000030e23a220:   000000000000000b 00007fca3ace4af0
0x000000030e23a230:   000000000000000b 00007fca6ac1a068
0x000000030e23a240:   000000011103e860 00007fff201fff0a
0x000000030e23a250:   0000000000000000 0000000000003200 

Instructions: (pc=0x0000000112716e92)
0x0000000112716e72:   49 8b 7f 38 e8 5b 1b 00 00 4d 89 77 38 49 89 5f
0x0000000112716e82:   40 4c 89 f0 48 85 c0 0f 84 11 05 00 00 48 89 c3
0x0000000112716e92:   0f b6 43 0c 0f b6 4b 0d 48 c1 e1 08 48 01 c1 0f
0x0000000112716ea2:   b6 43 0e 0f b6 53 0f 48 c1 e2 08 48 01 c2 48 c1 

Register to memory mapping:

RAX=0x00007fca6ac36890 is an unknown value
RBX=0x000000012deb1261 is an unknown value
RCX=0x0000000000000000 is an unknown value
RDX=0x00007fca3ac00000 is an unknown value
RSP=0x000000030e23a060 is pointing into the stack for thread: 0x00007fca3b29c800
RBP=0x000000030e23a0c0 is pointing into the stack for thread: 0x00007fca3b29c800
RSI=0x0000000000040000 is an unknown value
RDI=0x0000000000000e07 is an unknown value
R8 =0x000000000000e06e is an unknown value
R9 =0x000000000000e072 is an unknown value
R10=0x00000000fffc3fff is an unknown value
R11=0x2e3224726f746e65 is an unknown value
R12=0x00007fca6b0cf200 is an unknown value
R13=0x0000000000000080 is an unknown value
R14=0x00000000251b2af8 is an unknown value
R15=0x00007fca6ad851c0 is an unknown value


Stack: [0x000000030e145000,0x000000030e245000],  sp=0x000000030e23a060,  free space=980k
Native frames: (J=compiled Java code, j=interpreted, Vv=VM code, C=native code)
C  [libzip.dylib+0x2e92]  newEntry+0x154
C  [libzip.dylib+0x352d]  ZIP_GetEntry2+0xd4
C  [libzip.dylib+0x2238]  Java_java_util_zip_ZipFile_getEntry+0xcf
J 408  java.util.zip.ZipFile.getEntry(J[BZ)J (0 bytes) @ 0x00000001128c8b0e [0x00000001128c8a40+0xce]
J 399 C1 java.util.zip.ZipFile.getEntry(Ljava/lang/String;)Ljava/util/zip/ZipEntry; (101 bytes) @ 0x00000001128cbfb4 [0x00000001128cbe60+0x154]
J 398 C1 java.util.jar.JarFile.getEntry(Ljava/lang/String;)Ljava/util/zip/ZipEntry; (22 bytes) @ 0x00000001128cb9cc [0x00000001128cb980+0x4c]
J 395 C1 sun.misc.URLClassPath$JarLoader.getResource(Ljava/lang/String;Z)Lsun/misc/Resource; (85 bytes) @ 0x00000001128c7324 [0x00000001128c7260+0xc4]
J 539 C1 sun.misc.URLClassPath.getResource(Ljava/lang/String;Z)Lsun/misc/Resource; (83 bytes) @ 0x00000001129025e4 [0x0000000112902560+0x84]
J 611 C1 java.net.URLClassLoader$1.run()Ljava/lang/Class; (63 bytes) @ 0x000000011293639c [0x0000000112936300+0x9c]
J 610 C1 java.net.URLClassLoader$1.run()Ljava/lang/Object; (5 bytes) @ 0x0000000112935ffc [0x0000000112935fc0+0x3c]
v  ~StubRoutines::call_stub
V  [libjvm.dylib+0x2f09b2]  JavaCalls::call_helper(JavaValue*, methodHandle*, JavaCallArguments*, Thread*)+0x6ae
V  [libjvm.dylib+0x3511e0]  JVM_DoPrivileged+0x4b8
J 691  java.security.AccessController.doPrivileged(Ljava/security/PrivilegedExceptionAction;Ljava/security/AccessControlContext;)Ljava/lang/Object; (0 bytes) @ 0x0000000112956c55 [0x0000000112956b80+0xd5]
J 608 C1 java.net.URLClassLoader.findClass(Ljava/lang/String;)Ljava/lang/Class; (47 bytes) @ 0x00000001129356e4 [0x0000000112935620+0xc4]
j  java.lang.ClassLoader.loadClass(Ljava/lang/String;Z)Ljava/lang/Class;+70
J 617 C1 sun.misc.Launcher$AppClassLoader.loadClass(Ljava/lang/String;Z)Ljava/lang/Class; (85 bytes) @ 0x0000000112938c44 [0x0000000112938940+0x304]
J 523 C1 java.lang.ClassLoader.loadClass(Ljava/lang/String;)Ljava/lang/Class; (7 bytes) @ 0x00000001128fd1dc [0x00000001128fd180+0x5c]
v  ~StubRoutines::call_stub
V  [libjvm.dylib+0x2f09b2]  JavaCalls::call_helper(JavaValue*, methodHandle*, JavaCallArguments*, Thread*)+0x6ae
V  [libjvm.dylib+0x2f1156]  JavaCalls::call_virtual(JavaValue*, KlassHandle, Symbol*, Symbol*, JavaCallArguments*, Thread*)+0x164
V  [libjvm.dylib+0x2f12ae]  JavaCalls::call_virtual(JavaValue*, Handle, KlassHandle, Symbol*, Symbol*, Handle, Thread*)+0x56
V  [libjvm.dylib+0x546b0c]  SystemDictionary::load_instance_class(Symbol*, Handle, Thread*)+0x2d8
V  [libjvm.dylib+0x5462b6]  SystemDictionary::resolve_instance_class_or_null(Symbol*, Handle, Handle, Thread*)+0x484
V  [libjvm.dylib+0x546d28]  SystemDictionary::resolve_or_null(Symbol*, Handle, Handle, Thread*)+0x106
V  [libjvm.dylib+0x5473db]  SystemDictionary::resolve_or_fail(Symbol*, Handle, Handle, bool, Thread*)+0x31
V  [libjvm.dylib+0x1e4158]  ConstantPool::klass_at_impl(constantPoolHandle, int, Thread*)+0x2f0
V  [libjvm.dylib+0x45606e]  ConstantPool::klass_at(int, Thread*)+0x92
V  [libjvm.dylib+0x2ec39d]  InterpreterRuntime::_new(JavaThread*, ConstantPool*, int)+0x2d
j  com.intellij.rt.debugger.agent.CaptureAgent$CaptureInstrumentor.visitMethod(ILjava/lang/String;Ljava/lang/String;Ljava/lang/String;[Ljava/lang/String;)Lorg/jetbrains/capture/org/objectweb/asm/MethodVisitor;+174
j  org.jetbrains.capture.org.objectweb.asm.ClassReader.readMethod(Lorg/jetbrains/capture/org/objectweb/asm/ClassVisitor;Lorg/jetbrains/capture/org/objectweb/asm/Context;I)I+524
j  org.jetbrains.capture.org.objectweb.asm.ClassReader.accept(Lorg/jetbrains/capture/org/objectweb/asm/ClassVisitor;[Lorg/jetbrains/capture/org/objectweb/asm/Attribute;I)V+1257
j  org.jetbrains.capture.org.objectweb.asm.ClassReader.accept(Lorg/jetbrains/capture/org/objectweb/asm/ClassVisitor;I)V+7
J 363 C1 com.intellij.rt.debugger.agent.CaptureAgent$CaptureTransformer.transform(Ljava/lang/ClassLoader;Ljava/lang/String;Ljava/lang/Class;Ljava/security/ProtectionDomain;[B)[B (194 bytes) @ 0x00000001128b7854 [0x00000001128b7660+0x1f4]
J 149 C1 sun.instrument.TransformerManager.transform(Ljava/lang/ClassLoader;Ljava/lang/String;Ljava/lang/Class;Ljava/security/ProtectionDomain;[B)[B (98 bytes) @ 0x0000000112871c5c [0x0000000112871b80+0xdc]
J 148 C1 sun.instrument.InstrumentationImpl.transform(Ljava/lang/ClassLoader;Ljava/lang/String;Ljava/lang/Class;Ljava/security/ProtectionDomain;[BZ)[B (38 bytes) @ 0x0000000112872944 [0x0000000112872880+0xc4]
v  ~StubRoutines::call_stub
V  [libjvm.dylib+0x2f09b2]  JavaCalls::call_helper(JavaValue*, methodHandle*, JavaCallArguments*, Thread*)+0x6ae
V  [libjvm.dylib+0x327c14]  jni_invoke_nonstatic(JNIEnv_*, JavaValue*, _jobject*, JNICallType, _jmethodID*, JNI_ArgumentPusher*, Thread*)+0x2ec
V  [libjvm.dylib+0x317cd3]  jni_CallObjectMethod+0x16b
C  [libinstrument.dylib+0xb3ba]  transformClassFile+0x1ad
C  [libinstrument.dylib+0x8545]  eventHandlerClassFileLoadHook+0x8f
V  [libjvm.dylib+0x39a411]  JvmtiClassFileLoadHookPoster::post_to_env(JvmtiEnv*, bool)+0xa7
V  [libjvm.dylib+0x39a587]  JvmtiClassFileLoadHookPoster::post_all_envs()+0x8f
V  [libjvm.dylib+0x39944e]  JvmtiExport::post_class_file_load_hook(Symbol*, Handle, Handle, unsigned char**, unsigned char**, JvmtiCachedClassFileData**)+0xa2
V  [libjvm.dylib+0x1889be]  ClassFileParser::parseClassFile(Symbol*, ClassLoaderData*, Handle, KlassHandle, GrowableArray<Handle>*, TempNewSymbol&, bool, Thread*)+0x29a
V  [libjvm.dylib+0x545c78]  SystemDictionary::resolve_from_stream(Symbol*, Handle, Handle, ClassFileStream*, bool, Thread*)+0x114
V  [libjvm.dylib+0x3532b4]  jvm_define_class_common(JNIEnv_*, char const*, _jobject*, signed char const*, int, _jobject*, char const*, unsigned char, Thread*)+0x23a
V  [libjvm.dylib+0x353448]  JVM_DefineClassWithSource+0x77
C  [libjava.dylib+0x251f]  Java_java_lang_ClassLoader_defineClass1+0x171
J 825  java.lang.ClassLoader.defineClass1(Ljava/lang/String;[BIILjava/security/ProtectionDomain;Ljava/lang/String;)Ljava/lang/Class; (0 bytes) @ 0x000000011299420b [0x0000000112994100+0x10b]
J 820 C1 java.lang.ClassLoader.defineClass(Ljava/lang/String;[BIILjava/security/ProtectionDomain;)Ljava/lang/Class; (43 bytes) @ 0x000000011299546c [0x0000000112995340+0x12c]
J 836 C1 java.net.URLClassLoader.defineClass(Ljava/lang/String;Lsun/misc/Resource;)Ljava/lang/Class; (142 bytes) @ 0x000000011299b4bc [0x000000011299aaa0+0xa1c]
J 611 C1 java.net.URLClassLoader$1.run()Ljava/lang/Class; (63 bytes) @ 0x00000001129363dc [0x0000000112936300+0xdc]
J 610 C1 java.net.URLClassLoader$1.run()Ljava/lang/Object; (5 bytes) @ 0x0000000112935ffc [0x0000000112935fc0+0x3c]
v  ~StubRoutines::call_stub
V  [libjvm.dylib+0x2f09b2]  JavaCalls::call_helper(JavaValue*, methodHandle*, JavaCallArguments*, Thread*)+0x6ae
V  [libjvm.dylib+0x3511e0]  JVM_DoPrivileged+0x4b8
J 691  java.security.AccessController.doPrivileged(Ljava/security/PrivilegedExceptionAction;Ljava/security/AccessControlContext;)Ljava/lang/Object; (0 bytes) @ 0x0000000112956c55 [0x0000000112956b80+0xd5]
J 608 C1 java.net.URLClassLoader.findClass(Ljava/lang/String;)Ljava/lang/Class; (47 bytes) @ 0x00000001129356e4 [0x0000000112935620+0xc4]
j  java.lang.ClassLoader.loadClass(Ljava/lang/String;Z)Ljava/lang/Class;+70
J 617 C1 sun.misc.Launcher$AppClassLoader.loadClass(Ljava/lang/String;Z)Ljava/lang/Class; (85 bytes) @ 0x0000000112938c44 [0x0000000112938940+0x304]
J 523 C1 java.lang.ClassLoader.loadClass(Ljava/lang/String;)Ljava/lang/Class; (7 bytes) @ 0x00000001128fd1dc [0x00000001128fd180+0x5c]
v  ~StubRoutines::call_stub
V  [libjvm.dylib+0x2f09b2]  JavaCalls::call_helper(JavaValue*, methodHandle*, JavaCallArguments*, Thread*)+0x6ae
V  [libjvm.dylib+0x2f1156]  JavaCalls::call_virtual(JavaValue*, KlassHandle, Symbol*, Symbol*, JavaCallArguments*, Thread*)+0x164
V  [libjvm.dylib+0x2f12ae]  JavaCalls::call_virtual(JavaValue*, Handle, KlassHandle, Symbol*, Symbol*, Handle, Thread*)+0x56
V  [libjvm.dylib+0x546b0c]  SystemDictionary::load_instance_class(Symbol*, Handle, Thread*)+0x2d8
V  [libjvm.dylib+0x5462b6]  SystemDictionary::resolve_instance_class_or_null(Symbol*, Handle, Handle, Thread*)+0x484
V  [libjvm.dylib+0x546d28]  SystemDictionary::resolve_or_null(Symbol*, Handle, Handle, Thread*)+0x106
V  [libjvm.dylib+0x546ee6]  SystemDictionary::resolve_super_or_fail(Symbol*, Symbol*, Handle, Handle, bool, Thread*)+0x1bc
V  [libjvm.dylib+0x1894a1]  ClassFileParser::parseClassFile(Symbol*, ClassLoaderData*, Handle, KlassHandle, GrowableArray<Handle>*, TempNewSymbol&, bool, Thread*)+0xd7d
V  [libjvm.dylib+0x545c78]  SystemDictionary::resolve_from_stream(Symbol*, Handle, Handle, ClassFileStream*, bool, Thread*)+0x114
V  [libjvm.dylib+0x3532b4]  jvm_define_class_common(JNIEnv_*, char const*, _jobject*, signed char const*, int, _jobject*, char const*, unsigned char, Thread*)+0x23a
V  [libjvm.dylib+0x353448]  JVM_DefineClassWithSource+0x77
C  [libjava.dylib+0x251f]  Java_java_lang_ClassLoader_defineClass1+0x171
J 825  java.lang.ClassLoader.defineClass1(Ljava/lang/String;[BIILjava/security/ProtectionDomain;Ljava/lang/String;)Ljava/lang/Class; (0 bytes) @ 0x000000011299420b [0x0000000112994100+0x10b]
J 820 C1 java.lang.ClassLoader.defineClass(Ljava/lang/String;[BIILjava/security/ProtectionDomain;)Ljava/lang/Class; (43 bytes) @ 0x000000011299546c [0x0000000112995340+0x12c]
J 836 C1 java.net.URLClassLoader.defineClass(Ljava/lang/String;Lsun/misc/Resource;)Ljava/lang/Class; (142 bytes) @ 0x000000011299b4bc [0x000000011299aaa0+0xa1c]
J 611 C1 java.net.URLClassLoader$1.run()Ljava/lang/Class; (63 bytes) @ 0x00000001129363dc [0x0000000112936300+0xdc]
J 610 C1 java.net.URLClassLoader$1.run()Ljava/lang/Object; (5 bytes) @ 0x0000000112935ffc [0x0000000112935fc0+0x3c]
v  ~StubRoutines::call_stub
V  [libjvm.dylib+0x2f09b2]  JavaCalls::call_helper(JavaValue*, methodHandle*, JavaCallArguments*, Thread*)+0x6ae
V  [libjvm.dylib+0x3511e0]  JVM_DoPrivileged+0x4b8
J 691  java.security.AccessController.doPrivileged(Ljava/security/PrivilegedExceptionAction;Ljava/security/AccessControlContext;)Ljava/lang/Object; (0 bytes) @ 0x0000000112956c55 [0x0000000112956b80+0xd5]
J 608 C1 java.net.URLClassLoader.findClass(Ljava/lang/String;)Ljava/lang/Class; (47 bytes) @ 0x00000001129356e4 [0x0000000112935620+0xc4]
j  java.lang.ClassLoader.loadClass(Ljava/lang/String;Z)Ljava/lang/Class;+70
J 617 C1 sun.misc.Launcher$AppClassLoader.loadClass(Ljava/lang/String;Z)Ljava/lang/Class; (85 bytes) @ 0x0000000112938c44 [0x0000000112938940+0x304]
J 523 C1 java.lang.ClassLoader.loadClass(Ljava/lang/String;)Ljava/lang/Class; (7 bytes) @ 0x00000001128fd1dc [0x00000001128fd180+0x5c]
v  ~StubRoutines::call_stub
V  [libjvm.dylib+0x2f09b2]  JavaCalls::call_helper(JavaValue*, methodHandle*, JavaCallArguments*, Thread*)+0x6ae
V  [libjvm.dylib+0x2f1156]  JavaCalls::call_virtual(JavaValue*, KlassHandle, Symbol*, Symbol*, JavaCallArguments*, Thread*)+0x164
V  [libjvm.dylib+0x2f12ae]  JavaCalls::call_virtual(JavaValue*, Handle, KlassHandle, Symbol*, Symbol*, Handle, Thread*)+0x56
V  [libjvm.dylib+0x546b0c]  SystemDictionary::load_instance_class(Symbol*, Handle, Thread*)+0x2d8
V  [libjvm.dylib+0x5462b6]  SystemDictionary::resolve_instance_class_or_null(Symbol*, Handle, Handle, Thread*)+0x484
V  [libjvm.dylib+0x546d28]  SystemDictionary::resolve_or_null(Symbol*, Handle, Handle, Thread*)+0x106
V  [libjvm.dylib+0x546ee6]  SystemDictionary::resolve_super_or_fail(Symbol*, Symbol*, Handle, Handle, bool, Thread*)+0x1bc
V  [libjvm.dylib+0x1894a1]  ClassFileParser::parseClassFile(Symbol*, ClassLoaderData*, Handle, KlassHandle, GrowableArray<Handle>*, TempNewSymbol&, bool, Thread*)+0xd7d
V  [libjvm.dylib+0x545c78]  SystemDictionary::resolve_from_stream(Symbol*, Handle, Handle, ClassFileStream*, bool, Thread*)+0x114
V  [libjvm.dylib+0x3532b4]  jvm_define_class_common(JNIEnv_*, char const*, _jobject*, signed char const*, int, _jobject*, char const*, unsigned char, Thread*)+0x23a
...<more frames>...

Java frames: (J=compiled Java code, j=interpreted, Vv=VM code)
J 408  java.util.zip.ZipFile.getEntry(J[BZ)J (0 bytes) @ 0x00000001128c8a98 [0x00000001128c8a40+0x58]
J 399 C1 java.util.zip.ZipFile.getEntry(Ljava/lang/String;)Ljava/util/zip/ZipEntry; (101 bytes) @ 0x00000001128cbfb4 [0x00000001128cbe60+0x154]
J 398 C1 java.util.jar.JarFile.getEntry(Ljava/lang/String;)Ljava/util/zip/ZipEntry; (22 bytes) @ 0x00000001128cb9cc [0x00000001128cb980+0x4c]
J 395 C1 sun.misc.URLClassPath$JarLoader.getResource(Ljava/lang/String;Z)Lsun/misc/Resource; (85 bytes) @ 0x00000001128c7324 [0x00000001128c7260+0xc4]
J 539 C1 sun.misc.URLClassPath.getResource(Ljava/lang/String;Z)Lsun/misc/Resource; (83 bytes) @ 0x00000001129025e4 [0x0000000112902560+0x84]
J 611 C1 java.net.URLClassLoader$1.run()Ljava/lang/Class; (63 bytes) @ 0x000000011293639c [0x0000000112936300+0x9c]
J 610 C1 java.net.URLClassLoader$1.run()Ljava/lang/Object; (5 bytes) @ 0x0000000112935ffc [0x0000000112935fc0+0x3c]
v  ~StubRoutines::call_stub
J 691  java.security.AccessController.doPrivileged(Ljava/security/PrivilegedExceptionAction;Ljava/security/AccessControlContext;)Ljava/lang/Object; (0 bytes) @ 0x0000000112956be3 [0x0000000112956b80+0x63]
J 608 C1 java.net.URLClassLoader.findClass(Ljava/lang/String;)Ljava/lang/Class; (47 bytes) @ 0x00000001129356e4 [0x0000000112935620+0xc4]
j  java.lang.ClassLoader.loadClass(Ljava/lang/String;Z)Ljava/lang/Class;+70
J 617 C1 sun.misc.Launcher$AppClassLoader.loadClass(Ljava/lang/String;Z)Ljava/lang/Class; (85 bytes) @ 0x0000000112938c44 [0x0000000112938940+0x304]
J 523 C1 java.lang.ClassLoader.loadClass(Ljava/lang/String;)Ljava/lang/Class; (7 bytes) @ 0x00000001128fd1dc [0x00000001128fd180+0x5c]
v  ~StubRoutines::call_stub
j  com.intellij.rt.debugger.agent.CaptureAgent$CaptureInstrumentor.visitMethod(ILjava/lang/String;Ljava/lang/String;Ljava/lang/String;[Ljava/lang/String;)Lorg/jetbrains/capture/org/objectweb/asm/MethodVisitor;+174
j  org.jetbrains.capture.org.objectweb.asm.ClassReader.readMethod(Lorg/jetbrains/capture/org/objectweb/asm/ClassVisitor;Lorg/jetbrains/capture/org/objectweb/asm/Context;I)I+524
j  org.jetbrains.capture.org.objectweb.asm.ClassReader.accept(Lorg/jetbrains/capture/org/objectweb/asm/ClassVisitor;[Lorg/jetbrains/capture/org/objectweb/asm/Attribute;I)V+1257
j  org.jetbrains.capture.org.objectweb.asm.ClassReader.accept(Lorg/jetbrains/capture/org/objectweb/asm/ClassVisitor;I)V+7
J 363 C1 com.intellij.rt.debugger.agent.CaptureAgent$CaptureTransformer.transform(Ljava/lang/ClassLoader;Ljava/lang/String;Ljava/lang/Class;Ljava/security/ProtectionDomain;[B)[B (194 bytes) @ 0x00000001128b7854 [0x00000001128b7660+0x1f4]
J 149 C1 sun.instrument.TransformerManager.transform(Ljava/lang/ClassLoader;Ljava/lang/String;Ljava/lang/Class;Ljava/security/ProtectionDomain;[B)[B (98 bytes) @ 0x0000000112871c5c [0x0000000112871b80+0xdc]
J 148 C1 sun.instrument.InstrumentationImpl.transform(Ljava/lang/ClassLoader;Ljava/lang/String;Ljava/lang/Class;Ljava/security/ProtectionDomain;[BZ)[B (38 bytes) @ 0x0000000112872944 [0x0000000112872880+0xc4]
v  ~StubRoutines::call_stub
J 825  java.lang.ClassLoader.defineClass1(Ljava/lang/String;[BIILjava/security/ProtectionDomain;Ljava/lang/String;)Ljava/lang/Class; (0 bytes) @ 0x0000000112994191 [0x0000000112994100+0x91]
J 820 C1 java.lang.ClassLoader.defineClass(Ljava/lang/String;[BIILjava/security/ProtectionDomain;)Ljava/lang/Class; (43 bytes) @ 0x000000011299546c [0x0000000112995340+0x12c]
J 836 C1 java.net.URLClassLoader.defineClass(Ljava/lang/String;Lsun/misc/Resource;)Ljava/lang/Class; (142 bytes) @ 0x000000011299b4bc [0x000000011299aaa0+0xa1c]
J 611 C1 java.net.URLClassLoader$1.run()Ljava/lang/Class; (63 bytes) @ 0x00000001129363dc [0x0000000112936300+0xdc]
J 610 C1 java.net.URLClassLoader$1.run()Ljava/lang/Object; (5 bytes) @ 0x0000000112935ffc [0x0000000112935fc0+0x3c]
v  ~StubRoutines::call_stub
J 691  java.security.AccessController.doPrivileged(Ljava/security/PrivilegedExceptionAction;Ljava/security/AccessControlContext;)Ljava/lang/Object; (0 bytes) @ 0x0000000112956be3 [0x0000000112956b80+0x63]
J 608 C1 java.net.URLClassLoader.findClass(Ljava/lang/String;)Ljava/lang/Class; (47 bytes) @ 0x00000001129356e4 [0x0000000112935620+0xc4]
j  java.lang.ClassLoader.loadClass(Ljava/lang/String;Z)Ljava/lang/Class;+70
J 617 C1 sun.misc.Launcher$AppClassLoader.loadClass(Ljava/lang/String;Z)Ljava/lang/Class; (85 bytes) @ 0x0000000112938c44 [0x0000000112938940+0x304]
J 523 C1 java.lang.ClassLoader.loadClass(Ljava/lang/String;)Ljava/lang/Class; (7 bytes) @ 0x00000001128fd1dc [0x00000001128fd180+0x5c]
v  ~StubRoutines::call_stub
J 825  java.lang.ClassLoader.defineClass1(Ljava/lang/String;[BIILjava/security/ProtectionDomain;Ljava/lang/String;)Ljava/lang/Class; (0 bytes) @ 0x0000000112994191 [0x0000000112994100+0x91]
J 820 C1 java.lang.ClassLoader.defineClass(Ljava/lang/String;[BIILjava/security/ProtectionDomain;)Ljava/lang/Class; (43 bytes) @ 0x000000011299546c [0x0000000112995340+0x12c]
J 836 C1 java.net.URLClassLoader.defineClass(Ljava/lang/String;Lsun/misc/Resource;)Ljava/lang/Class; (142 bytes) @ 0x000000011299b4bc [0x000000011299aaa0+0xa1c]
J 611 C1 java.net.URLClassLoader$1.run()Ljava/lang/Class; (63 bytes) @ 0x00000001129363dc [0x0000000112936300+0xdc]
J 610 C1 java.net.URLClassLoader$1.run()Ljava/lang/Object; (5 bytes) @ 0x0000000112935ffc [0x0000000112935fc0+0x3c]
v  ~StubRoutines::call_stub
J 691  java.security.AccessController.doPrivileged(Ljava/security/PrivilegedExceptionAction;Ljava/security/AccessControlContext;)Ljava/lang/Object; (0 bytes) @ 0x0000000112956be3 [0x0000000112956b80+0x63]
J 608 C1 java.net.URLClassLoader.findClass(Ljava/lang/String;)Ljava/lang/Class; (47 bytes) @ 0x00000001129356e4 [0x0000000112935620+0xc4]
j  java.lang.ClassLoader.loadClass(Ljava/lang/String;Z)Ljava/lang/Class;+70
J 617 C1 sun.misc.Launcher$AppClassLoader.loadClass(Ljava/lang/String;Z)Ljava/lang/Class; (85 bytes) @ 0x0000000112938c44 [0x0000000112938940+0x304]
J 523 C1 java.lang.ClassLoader.loadClass(Ljava/lang/String;)Ljava/lang/Class; (7 bytes) @ 0x00000001128fd1dc [0x00000001128fd180+0x5c]
v  ~StubRoutines::call_stub
J 825  java.lang.ClassLoader.defineClass1(Ljava/lang/String;[BIILjava/security/ProtectionDomain;Ljava/lang/String;)Ljava/lang/Class; (0 bytes) @ 0x0000000112994191 [0x0000000112994100+0x91]
J 820 C1 java.lang.ClassLoader.defineClass(Ljava/lang/String;[BIILjava/security/ProtectionDomain;)Ljava/lang/Class; (43 bytes) @ 0x000000011299546c [0x0000000112995340+0x12c]
J 836 C1 java.net.URLClassLoader.defineClass(Ljava/lang/String;Lsun/misc/Resource;)Ljava/lang/Class; (142 bytes) @ 0x000000011299b4bc [0x000000011299aaa0+0xa1c]
J 611 C1 java.net.URLClassLoader$1.run()Ljava/lang/Class; (63 bytes) @ 0x00000001129363dc [0x0000000112936300+0xdc]
J 610 C1 java.net.URLClassLoader$1.run()Ljava/lang/Object; (5 bytes) @ 0x0000000112935ffc [0x0000000112935fc0+0x3c]
v  ~StubRoutines::call_stub
J 691  java.security.AccessController.doPrivileged(Ljava/security/PrivilegedExceptionAction;Ljava/security/AccessControlContext;)Ljava/lang/Object; (0 bytes) @ 0x0000000112956be3 [0x0000000112956b80+0x63]
J 608 C1 java.net.URLClassLoader.findClass(Ljava/lang/String;)Ljava/lang/Class; (47 bytes) @ 0x00000001129356e4 [0x0000000112935620+0xc4]
j  java.lang.ClassLoader.loadClass(Ljava/lang/String;Z)Ljava/lang/Class;+70
J 617 C1 sun.misc.Launcher$AppClassLoader.loadClass(Ljava/lang/String;Z)Ljava/lang/Class; (85 bytes) @ 0x0000000112938c44 [0x0000000112938940+0x304]
J 523 C1 java.lang.ClassLoader.loadClass(Ljava/lang/String;)Ljava/lang/Class; (7 bytes) @ 0x00000001128fd1dc [0x00000001128fd180+0x5c]
v  ~StubRoutines::call_stub
j  io.netty.channel.nio.NioEventLoopGroup.newChild(Ljava/util/concurrent/Executor;[Ljava/lang/Object;)Lio/netty/channel/EventLoop;+0
j  io.netty.channel.nio.NioEventLoopGroup.newChild(Ljava/util/concurrent/Executor;[Ljava/lang/Object;)Lio/netty/util/concurrent/EventExecutor;+3
j  io.netty.util.concurrent.MultithreadEventExecutorGroup.<init>(ILjava/util/concurrent/Executor;Lio/netty/util/concurrent/EventExecutorChooserFactory;[Ljava/lang/Object;)V+103
j  io.netty.util.concurrent.MultithreadEventExecutorGroup.<init>(ILjava/util/concurrent/Executor;[Ljava/lang/Object;)V+7
j  io.netty.channel.MultithreadEventLoopGroup.<init>(ILjava/util/concurrent/Executor;[Ljava/lang/Object;)V+14
j  io.netty.channel.nio.NioEventLoopGroup.<init>(ILjava/util/concurrent/Executor;Ljava/nio/channels/spi/SelectorProvider;Lio/netty/channel/SelectStrategyFactory;)V+22
j  io.netty.channel.nio.NioEventLoopGroup.<init>(ILjava/util/concurrent/Executor;Ljava/nio/channels/spi/SelectorProvider;)V+7
j  io.netty.channel.nio.NioEventLoopGroup.<init>(ILjava/util/concurrent/Executor;)V+6
j  io.netty.channel.nio.NioEventLoopGroup.<init>(I)V+6
j  com.simple.rpc.core.network.server.RpcServerSocket.run()V+55
j  java.util.concurrent.Executors$RunnableAdapter.call()Ljava/lang/Object;+4
j  java.util.concurrent.FutureTask.run$$$capture()V+42
j  java.util.concurrent.FutureTask.run()V+5
j  java.util.concurrent.ThreadPoolExecutor.runWorker(Ljava/util/concurrent/ThreadPoolExecutor$Worker;)V+95
j  java.util.concurrent.ThreadPoolExecutor$Worker.run()V+5
j  java.lang.Thread.run()V+11
v  ~StubRoutines::call_stub

---------------  P R O C E S S  ---------------

Java Threads: ( => current thread )
=>0x00007fca3b29c800 JavaThread "pool-1-thread-1" [_thread_in_native, id=28255, stack(0x000000030e145000,0x000000030e245000)]
  0x00007fca6b36e800 JavaThread "commons-pool-EvictionTimer" daemon [_thread_blocked, id=29235, stack(0x000000030e248000,0x000000030e348000)]
  0x00007fca6b208800 JavaThread "RMI Scheduler(0)" daemon [_thread_blocked, id=27263, stack(0x000000030e042000,0x000000030e142000)]
  0x00007fca4b39d800 JavaThread "RMI TCP Connection(1)-127.0.0.1" daemon [_thread_in_native, id=26647, stack(0x000000030df3f000,0x000000030e03f000)]
  0x00007fca3b0a3000 JavaThread "Attach Listener" daemon [_thread_blocked, id=37395, stack(0x000000030de3c000,0x000000030df3c000)]
  0x00007fca6d0ab000 JavaThread "RMI TCP Accept-0" daemon [_thread_in_native, id=38719, stack(0x000000030dc36000,0x000000030dd36000)]
  0x00007fca4b2dd000 JavaThread "Service Thread" daemon [_thread_blocked, id=39171, stack(0x000000030db33000,0x000000030dc33000)]
  0x00007fca3b052000 JavaThread "C1 CompilerThread3" daemon [_thread_blocked, id=39683, stack(0x000000030da30000,0x000000030db30000)]
  0x00007fca4b809000 JavaThread "C2 CompilerThread2" daemon [_thread_blocked, id=24323, stack(0x000000030d92d000,0x000000030da2d000)]
  0x00007fca4b2da800 JavaThread "C2 CompilerThread1" daemon [_thread_blocked, id=23811, stack(0x000000030d82a000,0x000000030d92a000)]
  0x00007fca3b045000 JavaThread "C2 CompilerThread0" daemon [_thread_blocked, id=23567, stack(0x000000030d727000,0x000000030d827000)]
  0x00007fca6b80d000 JavaThread "JDWP Command Reader" daemon [_thread_in_native, id=42243, stack(0x000000030d624000,0x000000030d724000)]
  0x00007fca6b015800 JavaThread "JDWP Event Helper Thread" daemon [_thread_blocked, id=43011, stack(0x000000030d521000,0x000000030d621000)]
  0x00007fca6b824000 JavaThread "JDWP Transport Listener: dt_socket" daemon [_thread_blocked, id=43279, stack(0x000000030d41e000,0x000000030d51e000)]
  0x00007fca6d026000 JavaThread "Signal Dispatcher" daemon [_thread_blocked, id=16899, stack(0x000000030d31b000,0x000000030d41b000)]
  0x00007fca4b008800 JavaThread "Finalizer" daemon [_thread_blocked, id=17955, stack(0x000000030d107000,0x000000030d207000)]
  0x00007fca6d019800 JavaThread "Reference Handler" daemon [_thread_blocked, id=18467, stack(0x000000030d004000,0x000000030d104000)]
  0x00007fca6d009800 JavaThread "main" [_thread_blocked, id=9731, stack(0x000000030c5e6000,0x000000030c6e6000)]

Other Threads:
  0x00007fca6b820000 VMThread [stack: 0x000000030cf01000,0x000000030d001000] [id=18691]
  0x00007fca3b09e800 WatcherThread [stack: 0x000000030dd39000,0x000000030de39000] [id=37967]

VM state:not at safepoint (normal execution)

VM Mutex/Monitor currently owned by a thread: None

heap address: 0x00000006c0000000, size: 4096 MB, Compressed Oops mode: Zero based, Oop shift amount: 3
Narrow klass base: 0x0000000000000000, Narrow klass shift: 3
Compressed class space size: 1073741824 Address: 0x00000007c0000000

Heap:
 PSYoungGen      total 141824K, used 131689K [0x000000076ab00000, 0x000000077af80000, 0x00000007c0000000)
  eden space 131072K, 94% used [0x000000076ab00000,0x0000000772358240,0x0000000772b00000)
  from space 10752K, 78% used [0x0000000772b00000,0x0000000773342568,0x0000000773580000)
  to   space 9216K, 0% used [0x000000077a680000,0x000000077a680000,0x000000077af80000)
 ParOldGen       total 76288K, used 4756K [0x00000006c0000000, 0x00000006c4a80000, 0x000000076ab00000)
  object space 76288K, 6% used [0x00000006c0000000,0x00000006c04a5218,0x00000006c4a80000)
 Metaspace       used 31050K, capacity 32466K, committed 32768K, reserved 1077248K
  class space    used 4210K, capacity 4517K, committed 4608K, reserved 1048576K

Card table byte_map: [0x0000000121af2000,0x00000001222f3000] byte_map_base: 0x000000011e4f2000

Marking Bits: (ParMarkBitMap*) 0x0000000111100f60
 Begin Bits: [0x00000001228a4000, 0x00000001268a4000)
 End Bits:   [0x00000001268a4000, 0x000000012a8a4000)

Polling page: 0x000000010c6f8000

CodeCache: size=245760Kb used=6908Kb max_used=6908Kb free=238851Kb
 bounds [0x000000011272c000, 0x0000000112dec000, 0x000000012172c000]
 total_blobs=3826 nmethods=3359 adapters=388
 compilation: enabled

Compilation events (10 events):
Event: 5.264 Thread 0x00007fca3b052000 3356       1       java.lang.Integer::numberOfLeadingZeros (76 bytes)
Event: 5.264 Thread 0x00007fca3b052000 nmethod 3356 0x0000000112de99d0 code [0x0000000112de9b20, 0x0000000112de9c90]
Event: 5.264 Thread 0x00007fca3b052000 3357       1       java.lang.Integer::toHexString (6 bytes)
Event: 5.264 Thread 0x00007fca3b052000 nmethod 3357 0x0000000112de9d10 code [0x0000000112de9e80, 0x0000000112de9fa8]
Event: 5.264 Thread 0x00007fca3b052000 3358       1       java.lang.Integer::toUnsignedString0 (46 bytes)
Event: 5.265 Thread 0x00007fca3b052000 nmethod 3358 0x0000000112dea010 code [0x0000000112dea180, 0x0000000112dea418]
Event: 5.268 Thread 0x00007fca3b052000 3359       1       org.jetbrains.capture.org.objectweb.asm.ClassReader::readInt (52 bytes)
Event: 5.268 Thread 0x00007fca3b052000 nmethod 3359 0x0000000112dea550 code [0x0000000112dea6c0, 0x0000000112dea890]
Event: 5.268 Thread 0x00007fca3b052000 3360       1       org.jetbrains.capture.org.objectweb.asm.ClassWriter::newUTF8 (70 bytes)
Event: 5.269 Thread 0x00007fca3b052000 nmethod 3360 0x0000000112dea9d0 code [0x0000000112deab80, 0x0000000112deae38]

GC Heap History (10 events):
Event: 2.631 GC heap before
{Heap before GC invocations=2 (full 0):
 PSYoungGen      total 76288K, used 72306K [0x000000076ab00000, 0x0000000770000000, 0x00000007c0000000)
  eden space 65536K, 100% used [0x000000076ab00000,0x000000076eb00000,0x000000076eb00000)
  from space 10752K, 62% used [0x000000076eb00000,0x000000076f19c870,0x000000076f580000)
  to   space 10752K, 0% used [0x000000076f580000,0x000000076f580000,0x0000000770000000)
 ParOldGen       total 175104K, used 0K [0x00000006c0000000, 0x00000006cab00000, 0x000000076ab00000)
  object space 175104K, 0% used [0x00000006c0000000,0x00000006c0000000,0x00000006cab00000)
 Metaspace       used 16856K, capacity 17190K, committed 17408K, reserved 1064960K
  class space    used 2148K, capacity 2249K, committed 2304K, reserved 1048576K
Event: 2.645 GC heap after
Heap after GC invocations=2 (full 0):
 PSYoungGen      total 76288K, used 6433K [0x000000076ab00000, 0x0000000770000000, 0x00000007c0000000)
  eden space 65536K, 0% used [0x000000076ab00000,0x000000076ab00000,0x000000076eb00000)
  from space 10752K, 59% used [0x000000076f580000,0x000000076fbc8560,0x0000000770000000)
  to   space 10752K, 0% used [0x000000076eb00000,0x000000076eb00000,0x000000076f580000)
 ParOldGen       total 175104K, used 8K [0x00000006c0000000, 0x00000006cab00000, 0x000000076ab00000)
  object space 175104K, 0% used [0x00000006c0000000,0x00000006c0002000,0x00000006cab00000)
 Metaspace       used 16856K, capacity 17190K, committed 17408K, reserved 1064960K
  class space    used 2148K, capacity 2249K, committed 2304K, reserved 1048576K
}
Event: 3.079 GC heap before
{Heap before GC invocations=3 (full 0):
 PSYoungGen      total 76288K, used 71969K [0x000000076ab00000, 0x0000000770000000, 0x00000007c0000000)
  eden space 65536K, 100% used [0x000000076ab00000,0x000000076eb00000,0x000000076eb00000)
  from space 10752K, 59% used [0x000000076f580000,0x000000076fbc8560,0x0000000770000000)
  to   space 10752K, 0% used [0x000000076eb00000,0x000000076eb00000,0x000000076f580000)
 ParOldGen       total 175104K, used 8K [0x00000006c0000000, 0x00000006cab00000, 0x000000076ab00000)
  object space 175104K, 0% used [0x00000006c0000000,0x00000006c0002000,0x00000006cab00000)
 Metaspace       used 20480K, capacity 21146K, committed 21296K, reserved 1067008K
  class space    used 2701K, capacity 2863K, committed 2944K, reserved 1048576K
Event: 3.099 GC heap after
Heap after GC invocations=3 (full 0):
 PSYoungGen      total 76288K, used 7587K [0x000000076ab00000, 0x0000000774000000, 0x00000007c0000000)
  eden space 65536K, 0% used [0x000000076ab00000,0x000000076ab00000,0x000000076eb00000)
  from space 10752K, 70% used [0x000000076eb00000,0x000000076f268ee0,0x000000076f580000)
  to   space 10752K, 0% used [0x0000000773580000,0x0000000773580000,0x0000000774000000)
 ParOldGen       total 175104K, used 16K [0x00000006c0000000, 0x00000006cab00000, 0x000000076ab00000)
  object space 175104K, 0% used [0x00000006c0000000,0x00000006c0004000,0x00000006cab00000)
 Metaspace       used 20480K, capacity 21146K, committed 21296K, reserved 1067008K
  class space    used 2701K, capacity 2863K, committed 2944K, reserved 1048576K
}
Event: 3.148 GC heap before
{Heap before GC invocations=4 (full 0):
 PSYoungGen      total 76288K, used 9876K [0x000000076ab00000, 0x0000000774000000, 0x00000007c0000000)
  eden space 65536K, 3% used [0x000000076ab00000,0x000000076ad3c330,0x000000076eb00000)
  from space 10752K, 70% used [0x000000076eb00000,0x000000076f268ee0,0x000000076f580000)
  to   space 10752K, 0% used [0x0000000773580000,0x0000000773580000,0x0000000774000000)
 ParOldGen       total 175104K, used 16K [0x00000006c0000000, 0x00000006cab00000, 0x000000076ab00000)
  object space 175104K, 0% used [0x00000006c0000000,0x00000006c0004000,0x00000006cab00000)
 Metaspace       used 20499K, capacity 21214K, committed 21296K, reserved 1067008K
  class space    used 2704K, capacity 2865K, committed 2944K, reserved 1048576K
Event: 3.164 GC heap after
Heap after GC invocations=4 (full 0):
 PSYoungGen      total 141824K, used 4936K [0x000000076ab00000, 0x0000000774000000, 0x00000007c0000000)
  eden space 131072K, 0% used [0x000000076ab00000,0x000000076ab00000,0x0000000772b00000)
  from space 10752K, 45% used [0x0000000773580000,0x0000000773a52060,0x0000000774000000)
  to   space 10752K, 0% used [0x0000000772b00000,0x0000000772b00000,0x0000000773580000)
 ParOldGen       total 175104K, used 24K [0x00000006c0000000, 0x00000006cab00000, 0x000000076ab00000)
  object space 175104K, 0% used [0x00000006c0000000,0x00000006c0006000,0x00000006cab00000)
 Metaspace       used 20499K, capacity 21214K, committed 21296K, reserved 1067008K
  class space    used 2704K, capacity 2865K, committed 2944K, reserved 1048576K
}
Event: 3.164 GC heap before
{Heap before GC invocations=5 (full 1):
 PSYoungGen      total 141824K, used 4936K [0x000000076ab00000, 0x0000000774000000, 0x00000007c0000000)
  eden space 131072K, 0% used [0x000000076ab00000,0x000000076ab00000,0x0000000772b00000)
  from space 10752K, 45% used [0x0000000773580000,0x0000000773a52060,0x0000000774000000)
  to   space 10752K, 0% used [0x0000000772b00000,0x0000000772b00000,0x0000000773580000)
 ParOldGen       total 175104K, used 24K [0x00000006c0000000, 0x00000006cab00000, 0x000000076ab00000)
  object space 175104K, 0% used [0x00000006c0000000,0x00000006c0006000,0x00000006cab00000)
 Metaspace       used 20499K, capacity 21214K, committed 21296K, reserved 1067008K
  class space    used 2704K, capacity 2865K, committed 2944K, reserved 1048576K
Event: 3.186 GC heap after
Heap after GC invocations=5 (full 1):
 PSYoungGen      total 141824K, used 0K [0x000000076ab00000, 0x0000000774000000, 0x00000007c0000000)
  eden space 131072K, 0% used [0x000000076ab00000,0x000000076ab00000,0x0000000772b00000)
  from space 10752K, 0% used [0x0000000773580000,0x0000000773580000,0x0000000774000000)
  to   space 10752K, 0% used [0x0000000772b00000,0x0000000772b00000,0x0000000773580000)
 ParOldGen       total 76288K, used 4756K [0x00000006c0000000, 0x00000006c4a80000, 0x000000076ab00000)
  object space 76288K, 6% used [0x00000006c0000000,0x00000006c04a5218,0x00000006c4a80000)
 Metaspace       used 20499K, capacity 21214K, committed 21296K, reserved 1067008K
  class space    used 2704K, capacity 2865K, committed 2944K, reserved 1048576K
}
Event: 4.138 GC heap before
{Heap before GC invocations=6 (full 1):
 PSYoungGen      total 141824K, used 131072K [0x000000076ab00000, 0x0000000774000000, 0x00000007c0000000)
  eden space 131072K, 100% used [0x000000076ab00000,0x0000000772b00000,0x0000000772b00000)
  from space 10752K, 0% used [0x0000000773580000,0x0000000773580000,0x0000000774000000)
  to   space 10752K, 0% used [0x0000000772b00000,0x0000000772b00000,0x0000000773580000)
 ParOldGen       total 76288K, used 4756K [0x00000006c0000000, 0x00000006c4a80000, 0x000000076ab00000)
  object space 76288K, 6% used [0x00000006c0000000,0x00000006c04a5218,0x00000006c4a80000)
 Metaspace       used 26909K, capacity 27918K, committed 28288K, reserved 1073152K
  class space    used 3614K, capacity 3843K, committed 3968K, reserved 1048576K
Event: 4.145 GC heap after
Heap after GC invocations=6 (full 1):
 PSYoungGen      total 141824K, used 8457K [0x000000076ab00000, 0x000000077af80000, 0x00000007c0000000)
  eden space 131072K, 0% used [0x000000076ab00000,0x000000076ab00000,0x0000000772b00000)
  from space 10752K, 78% used [0x0000000772b00000,0x0000000773342568,0x0000000773580000)
  to   space 9216K, 0% used [0x000000077a680000,0x000000077a680000,0x000000077af80000)
 ParOldGen       total 76288K, used 4756K [0x00000006c0000000, 0x00000006c4a80000, 0x000000076ab00000)
  object space 76288K, 6% used [0x00000006c0000000,0x00000006c04a5218,0x00000006c4a80000)
 Metaspace       used 26909K, capacity 27918K, committed 28288K, reserved 1073152K
  class space    used 3614K, capacity 3843K, committed 3968K, reserved 1048576K
}

Deoptimization events (0 events):
No events

Classes redefined (0 events):
No events

Internal exceptions (10 events):
Event: 5.228 Thread 0x00007fca6d009800 Exception <a 'java/lang/ClassNotFoundException': com/simple/rpc/common/config/BaseConfigCustomizer> (0x0000000771b00330) thrown at [/jenkins/workspace/8-2-build-macosx-x86_64/jdk8u251/737/hotspot/src/share/vm/classfile/systemDictionary.cpp, line 210]
Event: 5.229 Thread 0x00007fca6d009800 Exception <a 'java/lang/ClassNotFoundException': com/simple/rpc/springboot/config/BootBaseConfigCustomizer> (0x0000000771b3bd50) thrown at [/jenkins/workspace/8-2-build-macosx-x86_64/jdk8u251/737/hotspot/src/share/vm/classfile/systemDictionary.cpp, line 2
Event: 5.230 Thread 0x00007fca6d009800 Exception <a 'java/lang/ClassNotFoundException': com/simple/rpc/springboot/config/BootBaseConfig$$EnhancerBySpringCGLIB$$c1eb806aCustomizer> (0x0000000771b692f8) thrown at [/jenkins/workspace/8-2-build-macosx-x86_64/jdk8u251/737/hotspot/src/share/vm/class
Event: 5.232 Thread 0x00007fca6d009800 Exception <a 'java/lang/ClassNotFoundException': org/springframework/context/annotation/ConfigurationClassEnhancer$EnhancedConfigurationCustomizer> (0x0000000771ba2248) thrown at [/jenkins/workspace/8-2-build-macosx-x86_64/jdk8u251/737/hotspot/src/share/v
Event: 5.232 Thread 0x00007fca6d009800 Exception <a 'java/lang/ClassNotFoundException': org/springframework/beans/factory/BeanFactoryAwareCustomizer> (0x0000000771bc2f38) thrown at [/jenkins/workspace/8-2-build-macosx-x86_64/jdk8u251/737/hotspot/src/share/vm/classfile/systemDictionary.cpp, lin
Event: 5.238 Thread 0x00007fca6d009800 Exception <a 'java/lang/ClassNotFoundException': org/springframework/beans/factory/AwareCustomizer> (0x0000000771be1ab8) thrown at [/jenkins/workspace/8-2-build-macosx-x86_64/jdk8u251/737/hotspot/src/share/vm/classfile/systemDictionary.cpp, line 210]
Event: 5.238 Thread 0x00007fca6d009800 Exception <a 'java/lang/ArrayIndexOutOfBoundsException'> (0x0000000771be5130) thrown at [/jenkins/workspace/8-2-build-macosx-x86_64/jdk8u251/737/hotspot/src/share/vm/runtime/sharedRuntime.cpp, line 605]
Event: 5.238 Thread 0x00007fca6d009800 Exception <a 'java/lang/ArrayIndexOutOfBoundsException'> (0x0000000771be5f70) thrown at [/jenkins/workspace/8-2-build-macosx-x86_64/jdk8u251/737/hotspot/src/share/vm/runtime/sharedRuntime.cpp, line 605]
Event: 5.239 Thread 0x00007fca6d009800 Exception <a 'java/lang/ArrayIndexOutOfBoundsException'> (0x0000000771be7ba8) thrown at [/jenkins/workspace/8-2-build-macosx-x86_64/jdk8u251/737/hotspot/src/share/vm/runtime/sharedRuntime.cpp, line 605]
Event: 5.240 Thread 0x00007fca6d009800 Exception <a 'java/lang/ArrayIndexOutOfBoundsException'> (0x0000000771be9bf8) thrown at [/jenkins/workspace/8-2-build-macosx-x86_64/jdk8u251/737/hotspot/src/share/vm/runtime/sharedRuntime.cpp, line 605]

Events (10 events):
Event: 5.267 Thread 0x00007fca3b29c800 DEOPT PACKING pc=0x0000000112941bcc sp=0x000000030e23ec30
Event: 5.267 Thread 0x00007fca3b29c800 DEOPT UNPACKING pc=0x0000000112773384 sp=0x000000030e23ea70 mode 1
Event: 5.268 loading class com/intellij/rt/debugger/agent/CaptureAgent$CaptureInstrumentor$2
Event: 5.268 loading class com/intellij/rt/debugger/agent/CaptureAgent$CaptureInstrumentor$2 done
Event: 5.268 Thread 0x00007fca3b29c800 DEOPT PACKING pc=0x0000000112935791 sp=0x000000030e23b160
Event: 5.268 Thread 0x00007fca3b29c800 DEOPT UNPACKING pc=0x0000000112773384 sp=0x000000030e23aed0 mode 1
Event: 5.268 Thread 0x00007fca3b29c800 DEOPT PACKING pc=0x0000000112941c84 sp=0x000000030e23b1e0
Event: 5.268 Thread 0x00007fca3b29c800 DEOPT UNPACKING pc=0x0000000112773384 sp=0x000000030e23b020 mode 1
Event: 5.268 Thread 0x00007fca3b29c800 DEOPT PACKING pc=0x0000000112941bcc sp=0x000000030e23b370
Event: 5.268 Thread 0x00007fca3b29c800 DEOPT UNPACKING pc=0x0000000112773384 sp=0x000000030e23b1b0 mode 1


Dynamic libraries:
0x00007ffdffd2a000 	/usr/libexec/rosetta/runtime
0x000000010c11c000 	/Library/Apple/usr/libexec/oah/libRosettaRuntime
0x00007fff351e9000 	/System/Library/Frameworks/Cocoa.framework/Versions/A/Cocoa
0x00007fff22190000 	/System/Library/Frameworks/Security.framework/Versions/A/Security
0x00007fff333f1000 	/System/Library/Frameworks/ApplicationServices.framework/Versions/A/ApplicationServices
0x00007fff2a65c000 	/usr/lib/libz.1.dylib
0x00007fff2a728000 	/usr/lib/libSystem.B.dylib
0x00007fff2026e000 	/usr/lib/libobjc.A.dylib
0x00007fff2044e000 	/System/Library/Frameworks/CoreFoundation.framework/Versions/A/CoreFoundation
0x00007fff21128000 	/System/Library/Frameworks/Foundation.framework/Versions/C/Foundation
0x00007fff22bc1000 	/System/Library/Frameworks/AppKit.framework/Versions/C/AppKit
0x00007fff25aad000 	/System/Library/Frameworks/CoreData.framework/Versions/A/CoreData
0x00007fff2390d000 	/System/Library/PrivateFrameworks/UIFoundation.framework/Versions/A/UIFoundation
0x00007fff2feab000 	/System/Library/PrivateFrameworks/RemoteViewServices.framework/Versions/A/RemoteViewServices
0x00007fff28c56000 	/System/Library/PrivateFrameworks/XCTTargetBootstrap.framework/Versions/A/XCTTargetBootstrap
0x00007fff2b9a9000 	/usr/lib/libspindump.dylib
0x00007fff23b5c000 	/System/Library/Frameworks/UniformTypeIdentifiers.framework/Versions/A/UniformTypeIdentifiers
0x00007fff2745a000 	/usr/lib/libapp_launch_measurement.dylib
0x00007fff2745d000 	/System/Library/PrivateFrameworks/CoreAutoLayout.framework/Versions/A/CoreAutoLayout
0x00007fff285bd000 	/System/Library/Frameworks/Metal.framework/Versions/A/Metal
0x00007fff292b7000 	/usr/lib/liblangid.dylib
0x00007fff28c5a000 	/System/Library/PrivateFrameworks/CoreSVG.framework/Versions/A/CoreSVG
0x00007fff24b9c000 	/System/Library/PrivateFrameworks/SkyLight.framework/Versions/A/SkyLight
0x00007fff24f02000 	/System/Library/Frameworks/CoreGraphics.framework/Versions/A/CoreGraphics
0x00007fff303d2000 	/System/Library/Frameworks/Accelerate.framework/Versions/A/Accelerate
0x00007fff2b3e7000 	/System/Library/PrivateFrameworks/IconServices.framework/Versions/A/IconServices
0x00007fff285a1000 	/System/Library/Frameworks/IOSurface.framework/Versions/A/IOSurface
0x00007fff26441000 	/usr/lib/libDiagnosticMessagesClient.dylib
0x00007fff28c42000 	/System/Library/PrivateFrameworks/DFRFoundation.framework/Versions/A/DFRFoundation
0x00007fff224e8000 	/usr/lib/libicucore.A.dylib
0x00007fff2ceea000 	/System/Library/Frameworks/AudioToolbox.framework/Versions/A/AudioToolbox
0x00007fff2c172000 	/System/Library/PrivateFrameworks/DataDetectorsCore.framework/Versions/A/DataDetectorsCore
0x00007fff24b0f000 	/usr/lib/libMobileGestalt.dylib
0x00007fff28946000 	/System/Library/Frameworks/Carbon.framework/Versions/A/Frameworks/HIToolbox.framework/Versions/A/HIToolbox
0x00007fff26e9f000 	/System/Library/Frameworks/QuartzCore.framework/Versions/A/QuartzCore
0x00007fff2fee3000 	/System/Library/Frameworks/Carbon.framework/Versions/A/Frameworks/SpeechRecognition.framework/Versions/A/SpeechRecognition
0x00007fff271bf000 	/System/Library/PrivateFrameworks/CoreUI.framework/Versions/A/CoreUI
0x00007fff21afe000 	/System/Library/Frameworks/CoreAudio.framework/Versions/A/CoreAudio
0x00007fff2652c000 	/System/Library/Frameworks/DiskArbitration.framework/Versions/A/DiskArbitration
0x00007fff2bd76000 	/System/Library/PrivateFrameworks/MultitouchSupport.framework/Versions/A/MultitouchSupport
0x00007fff2c169000 	/System/Library/PrivateFrameworks/InternationalSupport.framework/Versions/A/InternationalSupport
0x00007fff24b0e000 	/usr/lib/libenergytrace.dylib
0x00007fff22ab8000 	/System/Library/Frameworks/IOKit.framework/Versions/A/IOKit
0x00007fff30216000 	/System/Library/Frameworks/CoreServices.framework/Versions/A/CoreServices
0x00007fff273ec000 	/System/Library/PrivateFrameworks/PerformanceAnalysis.framework/Versions/A/PerformanceAnalysis
0x00007fff6bd91000 	/System/Library/Frameworks/OpenGL.framework/Versions/A/OpenGL
0x00007fff2c1ed000 	/System/Library/PrivateFrameworks/UserActivity.framework/Versions/A/UserActivity
0x00007fff255b4000 	/System/Library/Frameworks/ColorSync.framework/Versions/A/ColorSync
0x00007fff28ec5000 	/System/Library/Frameworks/CoreImage.framework/Versions/A/CoreImage
0x00007fff21918000 	/System/Library/Frameworks/CoreText.framework/Versions/A/CoreText
0x00007fff28c84000 	/System/Library/Frameworks/ImageIO.framework/Versions/A/ImageIO
0x00007fff2a72e000 	/System/Library/PrivateFrameworks/SoftLinking.framework/Versions/A/SoftLinking
0x00007fff274a5000 	/usr/lib/libxml2.2.dylib
0x00007fff20334000 	/usr/lib/libc++.1.dylib
0x00007fff2a99b000 	/usr/lib/libcompression.dylib
0x00007fff2c09b000 	/System/Library/PrivateFrameworks/TextureIO.framework/Versions/A/TextureIO
0x00007fff2b08b000 	/usr/lib/libate.dylib
0x00007fff2a722000 	/usr/lib/system/libcache.dylib
0x00007fff2a6de000 	/usr/lib/system/libcommonCrypto.dylib
0x00007fff2a708000 	/usr/lib/system/libcompiler_rt.dylib
0x00007fff2a6fd000 	/usr/lib/system/libcopyfile.dylib
0x00007fff2015e000 	/usr/lib/system/libcorecrypto.dylib
0x00007fff20229000 	/usr/lib/system/libdispatch.dylib
0x00007fff203dc000 	/usr/lib/system/libdyld.dylib
0x00007fff2a719000 	/usr/lib/system/libkeymgr.dylib
0x00007fff2dc81000 	/usr/lib/system/liblaunch.dylib
0x00007fff2a6bc000 	/usr/lib/system/libmacho.dylib
0x00007fff29eb0000 	/usr/lib/system/libquarantine.dylib
0x00007fff2a716000 	/usr/lib/system/libremovefile.dylib
0x00007fff24b6c000 	/usr/lib/system/libsystem_asl.dylib
0x00007fff2010e000 	/usr/lib/system/libsystem_blocks.dylib
0x00007fff202ab000 	/usr/lib/system/libsystem_c.dylib
0x00007fff2a710000 	/usr/lib/system/libsystem_collections.dylib
0x00007fff292a8000 	/usr/lib/system/libsystem_configuration.dylib
0x00007fff28590000 	/usr/lib/system/libsystem_containermanager.dylib
0x00007fff2a45b000 	/usr/lib/system/libsystem_coreservices.dylib
0x00007fff22748000 	/usr/lib/system/libsystem_darwin.dylib
0x00007fff2a71a000 	/usr/lib/system/libsystem_dnssd.dylib
0x00007fff202a8000 	/usr/lib/system/libsystem_featureflags.dylib
0x00007fff20422000 	/usr/lib/system/libsystem_info.dylib
0x00007fff2a66f000 	/usr/lib/system/libsystem_m.dylib
0x00007fff201fc000 	/usr/lib/system/libsystem_malloc.dylib
0x00007fff24aff000 	/usr/lib/system/libsystem_networkextension.dylib
0x00007fff22b67000 	/usr/lib/system/libsystem_notify.dylib
0x00007fff30118000 	/usr/lib/system/libsystem_product_info_filter.dylib
0x00007fff292ac000 	/usr/lib/system/libsystem_sandbox.dylib
0x00007fff2a713000 	/usr/lib/system/libsystem_secinit.dylib
0x00007fff203a0000 	/usr/lib/system/libsystem_kernel.dylib
0x00007fff20418000 	/usr/lib/system/libsystem_platform.dylib
0x00007fff203d0000 	/usr/lib/system/libsystem_pthread.dylib
0x00007fff2627d000 	/usr/lib/system/libsystem_symptoms.dylib
0x00007fff20146000 	/usr/lib/system/libsystem_trace.dylib
0x00007fff2a6ea000 	/usr/lib/system/libunwind.dylib
0x00007fff20110000 	/usr/lib/system/libxpc.dylib
0x00007fff2038a000 	/usr/lib/libc++abi.dylib
0x00007fff2a6f5000 	/usr/lib/liboah.dylib
0x00007fff2adb7000 	/usr/lib/liblzma.5.dylib
0x00007fff20e3c000 	/System/Library/Frameworks/SystemConfiguration.framework/Versions/A/SystemConfiguration
0x00007fff2a72a000 	/usr/lib/libfakelink.dylib
0x00007fff24660000 	/System/Library/Frameworks/CFNetwork.framework/Versions/A/CFNetwork
0x00007fff2a86a000 	/usr/lib/libarchive.2.dylib
0x00007fff20eba000 	/usr/lib/libCRFSuite.dylib
0x00007fff29ed7000 	/usr/lib/libbsm.0.dylib
0x00007fff23fd9000 	/usr/lib/libnetwork.dylib
0x00007fff2a72f000 	/usr/lib/libpcap.A.dylib
0x00007fff26276000 	/usr/lib/libdns_services.dylib
0x00007fff2add0000 	/usr/lib/libcoretls_cfhelpers.dylib
0x00007fff2a969000 	/usr/lib/libapple_nghttp2.dylib
0x00007fff2a6c2000 	/usr/lib/system/libkxld.dylib
0x00007fff25ef4000 	/usr/lib/libsqlite3.dylib
0x00007fff2a43e000 	/System/Library/PrivateFrameworks/AppleFSCompression.framework/Versions/A/AppleFSCompression
0x00007fff29ebf000 	/usr/lib/libcoretls.dylib
0x00007fff2a996000 	/usr/lib/libpam.2.dylib
0x00007fff2aece000 	/usr/lib/libxar.1.dylib
0x00007fff292b3000 	/System/Library/PrivateFrameworks/AppleSystemInfo.framework/Versions/A/AppleSystemInfo
0x00007fff29b01000 	/System/Library/PrivateFrameworks/IOMobileFramebuffer.framework/Versions/A/IOMobileFramebuffer
0x00007fff2a44e000 	/usr/lib/libbz2.1.0.dylib
0x00007fff2a767000 	/usr/lib/libiconv.2.dylib
0x00007fff2a6bb000 	/usr/lib/libcharset.1.dylib
0x00007fff27428000 	/System/Library/Frameworks/CoreServices.framework/Versions/A/Frameworks/FSEvents.framework/Versions/A/FSEvents
0x00007fff22752000 	/System/Library/Frameworks/CoreServices.framework/Versions/A/Frameworks/CarbonCore.framework/Versions/A/CarbonCore
0x00007fff26491000 	/System/Library/Frameworks/CoreServices.framework/Versions/A/Frameworks/Metadata.framework/Versions/A/Metadata
0x00007fff2a460000 	/System/Library/Frameworks/CoreServices.framework/Versions/A/Frameworks/OSServices.framework/Versions/A/OSServices
0x00007fff2a8dc000 	/System/Library/Frameworks/CoreServices.framework/Versions/A/Frameworks/SearchKit.framework/Versions/A/SearchKit
0x00007fff26201000 	/System/Library/Frameworks/CoreServices.framework/Versions/A/Frameworks/AE.framework/Versions/A/AE
0x00007fff208ed000 	/System/Library/Frameworks/CoreServices.framework/Versions/A/Frameworks/LaunchServices.framework/Versions/A/LaunchServices
0x00007fff2ad67000 	/System/Library/Frameworks/CoreServices.framework/Versions/A/Frameworks/DictionaryServices.framework/Versions/A/DictionaryServices
0x00007fff27435000 	/System/Library/Frameworks/CoreServices.framework/Versions/A/Frameworks/SharedFileList.framework/Versions/A/SharedFileList
0x00007fff29eb3000 	/usr/lib/libCheckFix.dylib
0x00007fff24b83000 	/System/Library/PrivateFrameworks/TCC.framework/Versions/A/TCC
0x00007fff292b9000 	/System/Library/PrivateFrameworks/CoreNLP.framework/Versions/A/CoreNLP
0x00007fff26444000 	/System/Library/PrivateFrameworks/MetadataUtilities.framework/Versions/A/MetadataUtilities
0x00007fff20eef000 	/usr/lib/libmecabra.dylib
0x00007fff2a1bd000 	/System/Library/Frameworks/MLCompute.framework/Versions/A/MLCompute
0x00007fff29ee8000 	/usr/lib/libmecab.dylib
0x00007fff29f32000 	/usr/lib/libgermantok.dylib
0x00007fff2a944000 	/usr/lib/libThaiTokenizer.dylib
0x00007fff2af09000 	/usr/lib/libChineseTokenizer.dylib
0x00007fff2a994000 	/System/Library/Frameworks/MetalPerformanceShaders.framework/Versions/A/MetalPerformanceShaders
0x00007fff26533000 	/System/Library/Frameworks/Accelerate.framework/Versions/A/Frameworks/vImage.framework/Versions/A/vImage
0x00007fff301f0000 	/System/Library/Frameworks/Accelerate.framework/Versions/A/Frameworks/vecLib.framework/Versions/A/vecLib
0x00007fff2af14000 	/System/Library/Frameworks/Accelerate.framework/Versions/A/Frameworks/vecLib.framework/Versions/A/libvMisc.dylib
0x00007fff29961000 	/System/Library/Frameworks/Accelerate.framework/Versions/A/Frameworks/vecLib.framework/Versions/A/libvDSP.dylib
0x00007fff20bf8000 	/System/Library/Frameworks/Accelerate.framework/Versions/A/Frameworks/vecLib.framework/Versions/A/libBLAS.dylib
0x00007fff2a9c2000 	/System/Library/Frameworks/Accelerate.framework/Versions/A/Frameworks/vecLib.framework/Versions/A/libLAPACK.dylib
0x00007fff29f38000 	/System/Library/Frameworks/Accelerate.framework/Versions/A/Frameworks/vecLib.framework/Versions/A/libLinearAlgebra.dylib
0x00007fff2a981000 	/System/Library/Frameworks/Accelerate.framework/Versions/A/Frameworks/vecLib.framework/Versions/A/libSparseBLAS.dylib
0x00007fff2a9bc000 	/System/Library/Frameworks/Accelerate.framework/Versions/A/Frameworks/vecLib.framework/Versions/A/libQuadrature.dylib
0x00007fff29365000 	/System/Library/Frameworks/Accelerate.framework/Versions/A/Frameworks/vecLib.framework/Versions/A/libBNNS.dylib
0x00007fff20dcd000 	/System/Library/Frameworks/Accelerate.framework/Versions/A/Frameworks/vecLib.framework/Versions/A/libSparse.dylib
0x00007fff29241000 	/System/Library/Frameworks/MetalPerformanceShaders.framework/Versions/A/Frameworks/MPSCore.framework/Versions/A/MPSCore
0x00007fff2a3ad000 	/System/Library/Frameworks/MetalPerformanceShaders.framework/Versions/A/Frameworks/MPSImage.framework/Versions/A/MPSImage
0x00007fff29f4e000 	/System/Library/Frameworks/MetalPerformanceShaders.framework/Versions/A/Frameworks/MPSNeuralNetwork.framework/Versions/A/MPSNeuralNetwork
0x00007fff2a31f000 	/System/Library/Frameworks/MetalPerformanceShaders.framework/Versions/A/Frameworks/MPSMatrix.framework/Versions/A/MPSMatrix
0x00007fff2a16d000 	/System/Library/Frameworks/MetalPerformanceShaders.framework/Versions/A/Frameworks/MPSRayIntersector.framework/Versions/A/MPSRayIntersector
0x00007fff2a356000 	/System/Library/Frameworks/MetalPerformanceShaders.framework/Versions/A/Frameworks/MPSNDArray.framework/Versions/A/MPSNDArray
0x00007fff20b23000 	/System/Library/PrivateFrameworks/MetalTools.framework/Versions/A/MetalTools
0x00007fff292b1000 	/System/Library/PrivateFrameworks/AggregateDictionary.framework/Versions/A/AggregateDictionary
0x00007fff26411000 	/System/Library/PrivateFrameworks/CoreAnalytics.framework/Versions/A/CoreAnalytics
0x00007fff2a946000 	/System/Library/PrivateFrameworks/AppleSauce.framework/Versions/A/AppleSauce
0x00007fff285b3000 	/System/Library/PrivateFrameworks/IOAccelerator.framework/Versions/A/IOAccelerator
0x00007fff6bd85000 	/System/Library/Frameworks/OpenGL.framework/Versions/A/Libraries/libCoreFSCache.dylib
0x00007fff21487000 	/System/Library/PrivateFrameworks/LanguageModeling.framework/Versions/A/LanguageModeling
0x00007fff29aef000 	/System/Library/PrivateFrameworks/CoreEmoji.framework/Versions/A/CoreEmoji
0x00007fff2935e000 	/System/Library/PrivateFrameworks/LinguisticData.framework/Versions/A/LinguisticData
0x00007fff20d7f000 	/System/Library/PrivateFrameworks/Lexicon.framework/Versions/A/Lexicon
0x00007fff2a858000 	/usr/lib/libcmph.dylib
0x00007fff27408000 	/System/Library/Frameworks/OpenDirectory.framework/Versions/A/Frameworks/CFOpenDirectory.framework/Versions/A/CFOpenDirectory
0x00007fff273f8000 	/System/Library/Frameworks/OpenDirectory.framework/Versions/A/OpenDirectory
0x00007fff2add2000 	/System/Library/PrivateFrameworks/APFS.framework/Versions/A/APFS
0x00007fff29e15000 	/System/Library/Frameworks/SecurityFoundation.framework/Versions/A/SecurityFoundation
0x00007fff2aedc000 	/usr/lib/libutil.dylib
0x00007fff22a7d000 	/System/Library/PrivateFrameworks/CoreServicesStore.framework/Versions/A/CoreServicesStore
0x00007fff29eab000 	/System/Library/Frameworks/ServiceManagement.framework/Versions/A/ServiceManagement
0x00007fff2aee0000 	/usr/lib/libxslt.1.dylib
0x00007fff29ea1000 	/System/Library/PrivateFrameworks/BackgroundTaskManagement.framework/Versions/A/BackgroundTaskManagement
0x00007fff2bfe6000 	/System/Library/Frameworks/ImageIO.framework/Versions/A/Resources/libRadiance.dylib
0x00007fff2bfef000 	/System/Library/Frameworks/ImageIO.framework/Versions/A/Resources/libJPEG.dylib
0x00007fff2bf40000 	/System/Library/Frameworks/ImageIO.framework/Versions/A/Resources/libPng.dylib
0x00007fff2bf61000 	/System/Library/Frameworks/ImageIO.framework/Versions/A/Resources/libTIFF.dylib
0x00007fff2c044000 	/System/Library/Frameworks/ImageIO.framework/Versions/A/Resources/libGIF.dylib
0x00007fff2bc93000 	/System/Library/Frameworks/ImageIO.framework/Versions/A/Resources/libJP2.dylib
0x00007fff2b3ae000 	/usr/lib/libexpat.1.dylib
0x00007fff2bc49000 	/System/Library/PrivateFrameworks/AppleJPEG.framework/Versions/A/AppleJPEG
0x00007fff287e9000 	/System/Library/PrivateFrameworks/FontServices.framework/libFontParser.dylib
0x00007fff261b8000 	/System/Library/PrivateFrameworks/RunningBoardServices.framework/Versions/A/RunningBoardServices
0x00007fff2bd72000 	/System/Library/PrivateFrameworks/WatchdogClient.framework/Versions/A/WatchdogClient
0x00007fff21570000 	/System/Library/Frameworks/CoreDisplay.framework/Versions/A/CoreDisplay
0x00007fff286fe000 	/System/Library/Frameworks/CoreMedia.framework/Versions/A/CoreMedia
0x00007fff27588000 	/System/Library/Frameworks/CoreVideo.framework/Versions/A/CoreVideo
0x00007fff2bdad000 	/System/Library/Frameworks/VideoToolbox.framework/Versions/A/VideoToolbox
0x00007fff26138000 	/System/Library/PrivateFrameworks/BaseBoard.framework/Versions/A/BaseBoard
0x00007fff2b4f3000 	/System/Library/PrivateFrameworks/PersistentConnection.framework/Versions/A/PersistentConnection
0x00007fff25ede000 	/System/Library/PrivateFrameworks/ProtocolBuffer.framework/Versions/A/ProtocolBuffer
0x00007fff26120000 	/System/Library/PrivateFrameworks/CommonUtilities.framework/Versions/A/CommonUtilities
0x00007fff2bc0c000 	/System/Library/PrivateFrameworks/Bom.framework/Versions/A/Bom
0x00007fff2bfde000 	/System/Library/PrivateFrameworks/GPUWrangler.framework/Versions/A/GPUWrangler
0x00007fff2bfc1000 	/System/Library/PrivateFrameworks/IOPresentment.framework/Versions/A/IOPresentment
0x00007fff2bfe9000 	/System/Library/PrivateFrameworks/DSExternalDisplay.framework/Versions/A/DSExternalDisplay
0x00007fff2c049000 	/System/Library/PrivateFrameworks/CMCaptureCore.framework/Versions/A/CMCaptureCore
0x00007fff2b98f000 	/System/Library/PrivateFrameworks/AppServerSupport.framework/Versions/A/AppServerSupport
0x00007fff2da24000 	/System/Library/PrivateFrameworks/perfdata.framework/Versions/A/perfdata
0x00007fff29e04000 	/System/Library/PrivateFrameworks/AssertionServices.framework/Versions/A/AssertionServices
0x00007fff216a7000 	/System/Library/PrivateFrameworks/AudioToolboxCore.framework/Versions/A/AudioToolboxCore
0x00007fff286e1000 	/System/Library/PrivateFrameworks/caulk.framework/Versions/A/caulk
0x00007fff3ced0000 	/System/Library/PrivateFrameworks/SystemPolicy.framework/Versions/A/SystemPolicy
0x00007fff2b1bd000 	/usr/lib/libIOReport.dylib
0x00007fff2d260000 	/usr/lib/libSMC.dylib
0x00007fff2bf0c000 	/usr/lib/libAudioToolboxUtility.dylib
0x00007fff3d82d000 	/usr/lib/libmis.dylib
0x00007fff6bde1000 	/System/Library/Frameworks/OpenGL.framework/Versions/A/Libraries/libGLU.dylib
0x00007fff6bda4000 	/System/Library/Frameworks/OpenGL.framework/Versions/A/Libraries/libGFXShared.dylib
0x00007fff6bfb2000 	/System/Library/Frameworks/OpenGL.framework/Versions/A/Libraries/libGL.dylib
0x00007fff6bdad000 	/System/Library/Frameworks/OpenGL.framework/Versions/A/Libraries/libGLImage.dylib
0x00007fff6bda1000 	/System/Library/Frameworks/OpenGL.framework/Versions/A/Libraries/libCVMSPluginSupport.dylib
0x00007fff6bd8c000 	/System/Library/Frameworks/OpenGL.framework/Versions/A/Libraries/libCoreVMClient.dylib
0x00007fff6d3fc000 	/System/Library/Frameworks/OpenCL.framework/Versions/A/OpenCL
0x00007fff2b51c000 	/System/Library/PrivateFrameworks/GraphVisualizer.framework/Versions/A/GraphVisualizer
0x00007fff2b52b000 	/System/Library/PrivateFrameworks/FaceCore.framework/Versions/A/FaceCore
0x00007fff2b947000 	/System/Library/PrivateFrameworks/OTSVG.framework/Versions/A/OTSVG
0x00007fff2717d000 	/System/Library/Frameworks/ApplicationServices.framework/Versions/A/Frameworks/ATS.framework/Versions/A/Resources/libFontRegistry.dylib
0x00007fff2b996000 	/System/Library/PrivateFrameworks/FontServices.framework/libhvf.dylib
0x00007fff2b35a000 	/System/Library/PrivateFrameworks/AppleVA.framework/Versions/A/AppleVA
0x00007fff2d0a8000 	/System/Library/Frameworks/ApplicationServices.framework/Versions/A/Frameworks/ATS.framework/Versions/A/ATS
0x00007fff2d3bb000 	/System/Library/Frameworks/ApplicationServices.framework/Versions/A/Frameworks/ColorSyncLegacy.framework/Versions/A/ColorSyncLegacy
0x00007fff256ab000 	/System/Library/Frameworks/ApplicationServices.framework/Versions/A/Frameworks/HIServices.framework/Versions/A/HIServices
0x00007fff2d3a0000 	/System/Library/Frameworks/ApplicationServices.framework/Versions/A/Frameworks/LangAnalysis.framework/Versions/A/LangAnalysis
0x00007fff2c053000 	/System/Library/Frameworks/ApplicationServices.framework/Versions/A/Frameworks/PrintCore.framework/Versions/A/PrintCore
0x00007fff2d3c3000 	/System/Library/Frameworks/ApplicationServices.framework/Versions/A/Frameworks/QD.framework/Versions/A/QD
0x00007fff2d098000 	/System/Library/Frameworks/ApplicationServices.framework/Versions/A/Frameworks/SpeechSynthesis.framework/Versions/A/SpeechSynthesis
0x00007fff2c014000 	/System/Library/Frameworks/ApplicationServices.framework/Versions/A/Frameworks/ATSUI.framework/Versions/A/ATSUI
0x00007fff2d340000 	/usr/lib/libcups.2.dylib
0x00007fff2d3b0000 	/System/Library/PrivateFrameworks/NetAuth.framework/Versions/A/NetAuth
0x00007fff2da3f000 	/System/Library/Frameworks/Kerberos.framework/Versions/A/Kerberos
0x00007fff2da4f000 	/System/Library/Frameworks/GSS.framework/Versions/A/GSS
0x00007fff2d115000 	/usr/lib/libresolv.9.dylib
0x00007fff2b9ac000 	/System/Library/PrivateFrameworks/Heimdal.framework/Versions/A/Heimdal
0x00007fff33706000 	/System/Library/Frameworks/Kerberos.framework/Versions/A/Libraries/libHeimdalProxy.dylib
0x00007fff26285000 	/System/Library/Frameworks/Network.framework/Versions/A/Network
0x00007fff2b3c8000 	/usr/lib/libheimdal-asn1.dylib
0x00007fff2daa0000 	/System/Library/PrivateFrameworks/CommonAuth.framework/Versions/A/CommonAuth
0x00007fff275d6000 	/System/Library/PrivateFrameworks/login.framework/Versions/A/Frameworks/loginsupport.framework/Versions/A/loginsupport
0x00007fff2d01f000 	/System/Library/PrivateFrameworks/AudioSession.framework/Versions/A/AudioSession
0x00007fff2d085000 	/usr/lib/libAudioStatistics.dylib
0x00007fff2b454000 	/System/Library/PrivateFrameworks/MediaExperience.framework/Versions/A/MediaExperience
0x00007fff2ceb8000 	/System/Library/PrivateFrameworks/AudioSession.framework/libSessionUtility.dylib
0x00007fff2da30000 	/usr/lib/libperfcheck.dylib
0x00007fff2d3cf000 	/System/Library/PrivateFrameworks/AudioResourceArbitration.framework/Versions/A/AudioResourceArbitration
0x00007fff2b3d2000 	/System/Library/PrivateFrameworks/IconFoundation.framework/Versions/A/IconFoundation
0x00007fff2fed3000 	/System/Library/PrivateFrameworks/SpeechRecognitionCore.framework/Versions/A/SpeechRecognitionCore
0x00007fff5d1c0000 	/System/Library/CoreServices/Encodings/libSimplifiedChineseConverter.dylib
0x0000000110800000 	/Library/Java/JavaVirtualMachines/jdk1.8.0_251.jdk/Contents/Home/jre/lib/server/libjvm.dylib
0x00007fff7834a000 	/usr/lib/libstdc++.6.dylib
0x000000010c663000 	/Library/Java/JavaVirtualMachines/jdk1.8.0_251.jdk/Contents/Home/jre/lib/libverify.dylib
0x000000010c682000 	/Library/Java/JavaVirtualMachines/jdk1.8.0_251.jdk/Contents/Home/jre/lib/libjava.dylib
0x000000010c6f9000 	/Library/Java/JavaVirtualMachines/jdk1.8.0_251.jdk/Contents/Home/jre/lib/libjdwp.dylib
0x000000010c79d000 	/Library/Java/JavaVirtualMachines/jdk1.8.0_251.jdk/Contents/Home/jre/lib/libnpt.dylib
0x000000010c7ab000 	/Library/Java/JavaVirtualMachines/jdk1.8.0_251.jdk/Contents/Home/jre/lib/libinstrument.dylib
0x0000000112714000 	/Library/Java/JavaVirtualMachines/jdk1.8.0_251.jdk/Contents/Home/jre/lib/libzip.dylib
0x000000012da42000 	/Library/Java/JavaVirtualMachines/jdk1.8.0_251.jdk/Contents/Home/jre/lib/libdt_socket.dylib
0x000000012e39e000 	/Library/Java/JavaVirtualMachines/jdk1.8.0_251.jdk/Contents/Home/jre/lib/libnet.dylib
0x000000012e413000 	/Library/Java/JavaVirtualMachines/jdk1.8.0_251.jdk/Contents/Home/jre/lib/libmanagement.dylib
0x000000012e4a9000 	/Library/Java/JavaVirtualMachines/jdk1.8.0_251.jdk/Contents/Home/jre/lib/libnio.dylib

VM Arguments:
jvm_args: -agentlib:jdwp=transport=dt_socket,address=127.0.0.1:55357,suspend=y,server=n -javaagent:/Users/chengxingwu/project/person-project/simple-rpc/simple-rpc-agent/target/simple-rpc-agent-1.0.0.jar -XX:TieredStopAtLevel=1 -Xverify:none -Dspring.output.ansi.enabled=always -javaagent:/Users/chengxingwu/Library/Caches/JetBrains/IntelliJIdea2020.3/captureAgent/debugger-agent.jar -Dcom.sun.management.jmxremote -Dspring.jmx.enabled=true -Dspring.liveBeansView.mbeanDomain -Dspring.application.admin.enabled=true -Dfile.encoding=UTF-8 
java_command: com.simple.rpc.test.starter.consumer.StarterConsumerAppMain
java_class_path (initial): /Library/Java/JavaVirtualMachines/jdk1.8.0_251.jdk/Contents/Home/jre/lib/charsets.jar:/Library/Java/JavaVirtualMachines/jdk1.8.0_251.jdk/Contents/Home/jre/lib/deploy.jar:/Library/Java/JavaVirtualMachines/jdk1.8.0_251.jdk/Contents/Home/jre/lib/ext/cldrdata.jar:/Library/Java/JavaVirtualMachines/jdk1.8.0_251.jdk/Contents/Home/jre/lib/ext/dnsns.jar:/Library/Java/JavaVirtualMachines/jdk1.8.0_251.jdk/Contents/Home/jre/lib/ext/jaccess.jar:/Library/Java/JavaVirtualMachines/jdk1.8.0_251.jdk/Contents/Home/jre/lib/ext/jfxrt.jar:/Library/Java/JavaVirtualMachines/jdk1.8.0_251.jdk/Contents/Home/jre/lib/ext/localedata.jar:/Library/Java/JavaVirtualMachines/jdk1.8.0_251.jdk/Contents/Home/jre/lib/ext/nashorn.jar:/Library/Java/JavaVirtualMachines/jdk1.8.0_251.jdk/Contents/Home/jre/lib/ext/sunec.jar:/Library/Java/JavaVirtualMachines/jdk1.8.0_251.jdk/Contents/Home/jre/lib/ext/sunjce_provider.jar:/Library/Java/JavaVirtualMachines/jdk1.8.0_251.jdk/Contents/Home/jre/lib/ext/sunpkcs11.jar:/Library/Java/JavaVirtualMachines/jdk1.8.0_251.jdk/Contents/Home/jre/lib/ext/zipfs.jar:/Library/Java/JavaVirtualMachines/jdk1.8.0_251.jdk/Contents/Home/jre/lib/javaws.jar:/Library/Java/JavaVirtualMachines/jdk1.8.0_251.jdk/Contents/Home/jre/lib/jce.jar:/Library/Java/JavaVirtualMachines/jdk1.8.0_251.jdk/Contents/Home/jre/lib/jfr.jar:/Library/Java/JavaVirtualMachines/jdk1.8.0_251.jdk/Contents/Home/jre/lib/jfxswt.jar:/Library/Java/JavaVirtualMachines/jdk1.8.0_251.jdk/Contents/Home/jre/lib/jsse.jar:/Library/Java/JavaVirtualMachines/jdk1.8.0_251.jdk/Contents/Home/jre/lib/management-agent.jar:/Library/Java/JavaVirtualMachines/jdk1.8.0_251.jdk/Contents/Home/jre/lib/plugin.jar:/Library/Java/JavaVirtualMachines/jdk1.8.0_251.jdk/Contents/Home/jre/lib/resources.jar:/Library/Java/JavaVirtualMachines/jdk1.8.0_251.jdk/Contents/Home/jre/lib/rt.jar:/Library/Java/JavaVirtualMachines/jdk1.8.0_251.jdk/Contents/Home/lib/ant-javafx.jar:/Library/Java/JavaVirtualMachines/jdk1.8.0_251.jdk/Contents/Home
Launcher Type: SUN_STANDARD

Environment Variables:
JAVA_HOME=/Library/Java/JavaVirtualMachines/jdk1.8.0_251.jdk/Contents/Home
CLASSPATH=/Library/Java/JavaVirtualMachines/jdk1.8.0_251.jdk/Contents/Home/lib/tools.jar:/Library/Java/JavaVirtualMachines/jdk1.8.0_251.jdk/Contents/Home/lib/dt.jar
PATH=/Library/Java/JavaVirtualMachines/jdk1.8.0_251.jdk/Contents/Home/bin:/opt/homebrew/bin:/opt/homebrew/sbin:/usr/local/bin:/usr/bin:/bin:/usr/sbin:/sbin:/usr/local/go/bin:/usr/local/mysql/bin:/usr/local/mysql/support-files:/Users/chengxingwu/devtools/apache-maven-3.8.2/bin:/usr/local/mysql/bin:/usr/local/mysql/support-files:/Users/chengxingwu/project/mygo/bin:/usr/local/go/bin:/Users/chengxingwu/devtools/gradle-6.2.1/bin
SHELL=/bin/zsh

Signal Handlers:
SIGSEGV: [libjvm.dylib+0x5bc2ff], sa_mask[0]=11111111111111111111111111111111, sa_flags=SA_ONSTACK|SA_RESTART|SA_SIGINFO
SIGBUS: [libjvm.dylib+0x5bc2ff], sa_mask[0]=11111111111111111111111111111111, sa_flags=SA_RESTART|SA_SIGINFO
SIGFPE: [libjvm.dylib+0x48d41c], sa_mask[0]=11111111111111111111111111111111, sa_flags=SA_RESTART|SA_SIGINFO
SIGPIPE: [libjvm.dylib+0x48d41c], sa_mask[0]=11111111111111111111111111111111, sa_flags=SA_RESTART|SA_SIGINFO
SIGXFSZ: [libjvm.dylib+0x48d41c], sa_mask[0]=11111111111111111111111111111111, sa_flags=SA_RESTART|SA_SIGINFO
SIGILL: [libjvm.dylib+0x48d41c], sa_mask[0]=11111111111111111111111111111111, sa_flags=SA_RESTART|SA_SIGINFO
SIGUSR1: SIG_DFL, sa_mask[0]=00000000000000000000000000000000, sa_flags=none
SIGUSR2: [libjvm.dylib+0x48cf3a], sa_mask[0]=00100000000000000000000000000000, sa_flags=SA_RESTART|SA_SIGINFO
SIGHUP: [libjvm.dylib+0x48b4c5], sa_mask[0]=11111111111111111111111111111111, sa_flags=SA_RESTART|SA_SIGINFO
SIGINT: [libjvm.dylib+0x48b4c5], sa_mask[0]=11111111111111111111111111111111, sa_flags=SA_RESTART|SA_SIGINFO
SIGTERM: [libjvm.dylib+0x48b4c5], sa_mask[0]=11111111111111111111111111111111, sa_flags=SA_RESTART|SA_SIGINFO
SIGQUIT: [libjvm.dylib+0x48b4c5], sa_mask[0]=11111111111111111111111111111111, sa_flags=SA_RESTART|SA_SIGINFO


---------------  S Y S T E M  ---------------

OS:Bsduname:Darwin 20.6.0 Darwin Kernel Version 20.6.0: Mon Aug 30 06:12:20 PDT 2021; root:xnu-7195.141.6~3/RELEASE_ARM64_T8101 x86_64
rlimit: STACK 8176k, CORE 0k, NPROC 2666, NOFILE 10240, AS infinity
load average:2.79 3.24 2.96

CPU:total 8 (initial active 8) (1 cores per cpu, 1 threads per core) family 6 model 44 stepping 0, cmov, cx8, fxsr, mmx, sse, sse2, sse3, ssse3, sse4.1, sse4.2, popcnt, aes, clmul, tsc, tscinvbit, tscinv

Memory: 4k page, physical 16777216k(122656k free)

/proc/meminfo:


vm_info: Java HotSpot(TM) 64-Bit Server VM (25.251-b08) for bsd-amd64 JRE (1.8.0_251-b08), built on Mar 12 2020 02:36:37 by "java_re" with gcc 4.2.1 (Based on Apple Inc. build 5658) (LLVM build 2336.11.00)

time: Mon Aug 29 10:33:17 2022
timezone: CST
elapsed time: 5 seconds (0d 0h 0m 5s)

